<?xml version="1.0" encoding="UTF-8"?>
<!-- Generated by org.testng.reporters.JUnitXMLReporter -->
<testsuite ignored="0" hostname="MafiasLenovo" failures="0" tests="3" name="Default test" time="29.567" errors="0" timestamp="2024-04-21T22:15:54 CDT">
  <testcase classname="pspTech.karigor.testCases.ContactUsPage" name="TC_001_ContactUsButtonClicked" time="0.132"/>
  <testcase classname="pspTech.karigor.testCases.ContactUsPage" name="TC_002_Sending_Message" time="10.543"/>
  <testcase classname="pspTech.karigor.testCases.ContactUsPage" name="TC_003_Sending_Message_ByEmail" time="10.637"/>
</testsuite> <!-- Default test -->
