<?xml version="1.0" encoding="UTF-8"?>
<testng-results ignored="0" total="3" passed="3" failed="0" skipped="0">
  <reporter-output>
  </reporter-output>
  <suite started-at="2024-04-21T22:15:25 CDT" name="Default suite" finished-at="2024-04-21T22:15:54 CDT" duration-ms="29567">
    <groups>
    </groups>
    <test started-at="2024-04-21T22:15:25 CDT" name="Default test" finished-at="2024-04-21T22:15:54 CDT" duration-ms="29567">
      <class name="pspTech.karigor.testCases.ContactUsPage">
        <test-method is-config="true" signature="setUp()[pri:0, instance:pspTech.karigor.testCases.ContactUsPage@5c5eefef]" started-at="2024-04-21T22:15:25 CDT" name="setUp" finished-at="2024-04-21T22:15:33 CDT" duration-ms="8170" status="PASS">
          <reporter-output>
          </reporter-output>
        </test-method> <!-- setUp -->
        <test-method signature="TC_001_ContactUsButtonClicked()[pri:0, instance:pspTech.karigor.testCases.ContactUsPage@5c5eefef]" started-at="2024-04-21T22:15:33 CDT" name="TC_001_ContactUsButtonClicked" finished-at="2024-04-21T22:15:33 CDT" duration-ms="132" status="PASS">
          <reporter-output>
          </reporter-output>
        </test-method> <!-- TC_001_ContactUsButtonClicked -->
        <test-method signature="TC_002_Sending_Message()[pri:0, instance:pspTech.karigor.testCases.ContactUsPage@5c5eefef]" started-at="2024-04-21T22:15:33 CDT" name="TC_002_Sending_Message" finished-at="2024-04-21T22:15:44 CDT" duration-ms="10543" status="PASS">
          <reporter-output>
          </reporter-output>
        </test-method> <!-- TC_002_Sending_Message -->
        <test-method signature="TC_003_Sending_Message_ByEmail()[pri:0, instance:pspTech.karigor.testCases.ContactUsPage@5c5eefef]" started-at="2024-04-21T22:15:44 CDT" name="TC_003_Sending_Message_ByEmail" finished-at="2024-04-21T22:15:54 CDT" duration-ms="10637" status="PASS">
          <reporter-output>
          </reporter-output>
        </test-method> <!-- TC_003_Sending_Message_ByEmail -->
      </class> <!-- pspTech.karigor.testCases.ContactUsPage -->
    </test> <!-- Default test -->
  </suite> <!-- Default suite -->
</testng-results>
